C:/Program Files/Perforce/yassa/4003 Maze/ProjectSettings/AudioManager.asset - no permission for operation on file(s).

C:/Program Files/Perforce/yassa/4003 Maze/ProjectSettings/ClusterInputManager.asset - no permission for operation on file(s).

C:/Program Files/Perforce/yassa/4003 Maze/ProjectSettings/DynamicsManager.asset - no permission for operation on file(s).

C:/Program Files/Perforce/yassa/4003 Maze/ProjectSettings/EditorBuildSettings.asset - no permission for operation on file(s).

C:/Program Files/Perforce/yassa/4003 Maze/ProjectSettings/EditorSettings.asset - no permission for operation on file(s).

C:/Program Files/Perforce/yassa/4003 Maze/ProjectSettings/GraphicsSettings.asset - no permission for operation on file(s).

C:/Program Files/Perforce/yassa/4003 Maze/ProjectSettings/InputManager.asset - no permission for operation on file(s).

C:/Program Files/Perforce/yassa/4003 Maze/ProjectSettings/MemorySettings.asset - no permission for operation on file(s).

C:/Program Files/Perforce/yassa/4003 Maze/ProjectSettings/NavMeshAreas.asset - no permission for operation on file(s).

C:/Program Files/Perforce/yassa/4003 Maze/ProjectSettings/PackageManagerSettings.asset - no permission for operation on file(s).

C:/Program Files/Perforce/yassa/4003 Maze/ProjectSettings/Packages/com.unity.testtools.codecoverage/Settings.json - no permission for operation on file(s).

C:/Program Files/Perforce/yassa/4003 Maze/ProjectSettings/Physics2DSettings.asset - no permission for operation on file(s).

C:/Program Files/Perforce/yassa/4003 Maze/ProjectSettings/PresetManager.asset - no permission for operation on file(s).

C:/Program Files/Perforce/yassa/4003 Maze/ProjectSettings/ProjectSettings.asset - no permission for operation on file(s).

C:/Program Files/Perforce/yassa/4003 Maze/ProjectSettings/ProjectVersion.txt - no permission for operation on file(s).

C:/Program Files/Perforce/yassa/4003 Maze/ProjectSettings/QualitySettings.asset - no permission for operation on file(s).

C:/Program Files/Perforce/yassa/4003 Maze/ProjectSettings/SceneTemplateSettings.json - no permission for operation on file(s).

C:/Program Files/Perforce/yassa/4003 Maze/ProjectSettings/TagManager.asset - no permission for operation on file(s).

C:/Program Files/Perforce/yassa/4003 Maze/ProjectSettings/TimeManager.asset - no permission for operation on file(s).

C:/Program Files/Perforce/yassa/4003 Maze/ProjectSettings/UnityConnectSettings.asset - no permission for operation on file(s).

C:/Program Files/Perforce/yassa/4003 Maze/ProjectSettings/VFXManager.asset - no permission for operation on file(s).

C:/Program Files/Perforce/yassa/4003 Maze/ProjectSettings/VersionControlSettings.asset - no permission for operation on file(s).

C:/Program Files/Perforce/yassa/4003 Maze/ProjectSettings/XRSettings.asset - no permission for operation on file(s).

C:/Program Files/Perforce/yassa/4003 Maze/ProjectSettings/boot.config - no permission for operation on file(s).

C:/Program Files/Perforce/yassa/4003 Maze/Packages/manifest.json - no permission for operation on file(s).

C:/Program Files/Perforce/yassa/4003 Maze/Packages/packages-lock.json - no permission for operation on file(s).

w1:C:/Program Files/Perforce/yassa/4003 Maze/Packages/manifest.json - no permission for operation on file(s).\n
w1:C:/Program Files/Perforce/yassa/4003 Maze/Packages/packages-lock.json - no permission for operation on file(s).\n
w1:C:/Program Files/Perforce/yassa/4003 Maze/ProjectSettings/AudioManager.asset - no permission for operation on file(s).\n
w1:C:/Program Files/Perforce/yassa/4003 Maze/ProjectSettings/ClusterInputManager.asset - no permission for operation on file(s).\n
w1:C:/Program Files/Perforce/yassa/4003 Maze/ProjectSettings/DynamicsManager.asset - no permission for operation on file(s).\n
w1:C:/Program Files/Perforce/yassa/4003 Maze/ProjectSettings/EditorBuildSettings.asset - no permission for operation on file(s).\n
w1:C:/Program Files/Perforce/yassa/4003 Maze/ProjectSettings/EditorSettings.asset - no permission for operation on file(s).\n
w1:C:/Program Files/Perforce/yassa/4003 Maze/ProjectSettings/GraphicsSettings.asset - no permission for operation on file(s).\n
w1:C:/Program Files/Perforce/yassa/4003 Maze/ProjectSettings/InputManager.asset - no permission for operation on file(s).\n
w1:C:/Program Files/Perforce/yassa/4003 Maze/ProjectSettings/MemorySettings.asset - no permission for operation on file(s).\n
w1:C:/Program Files/Perforce/yassa/4003 Maze/ProjectSettings/NavMeshAreas.asset - no permission for operation on file(s).\n
w1:C:/Program Files/Perforce/yassa/4003 Maze/ProjectSettings/PackageManagerSettings.asset - no permission for operation on file(s).\n
w1:C:/Program Files/Perforce/yassa/4003 Maze/ProjectSettings/Packages/com.unity.testtools.codecoverage/Settings.json - no permission for operation on file(s).\n
w1:C:/Program Files/Perforce/yassa/4003 Maze/ProjectSettings/Physics2DSettings.asset - no permission for operation on file(s).\n
w1:C:/Program Files/Perforce/yassa/4003 Maze/ProjectSettings/PresetManager.asset - no permission for operation on file(s).\n
w1:C:/Program Files/Perforce/yassa/4003 Maze/ProjectSettings/ProjectSettings.asset - no permission for operation on file(s).\n
w1:C:/Program Files/Perforce/yassa/4003 Maze/ProjectSettings/ProjectVersion.txt - no permission for operation on file(s).\n
w1:C:/Program Files/Perforce/yassa/4003 Maze/ProjectSettings/QualitySettings.asset - no permission for operation on file(s).\n
w1:C:/Program Files/Perforce/yassa/4003 Maze/ProjectSettings/SceneTemplateSettings.json - no permission for operation on file(s).\n
w1:C:/Program Files/Perforce/yassa/4003 Maze/ProjectSettings/TagManager.asset - no permission for operation on file(s).\n
w1:C:/Program Files/Perforce/yassa/4003 Maze/ProjectSettings/TimeManager.asset - no permission for operation on file(s).\n
w1:C:/Program Files/Perforce/yassa/4003 Maze/ProjectSettings/UnityConnectSettings.asset - no permission for operation on file(s).\n
w1:C:/Program Files/Perforce/yassa/4003 Maze/ProjectSettings/VFXManager.asset - no permission for operation on file(s).\n
w1:C:/Program Files/Perforce/yassa/4003 Maze/ProjectSettings/VersionControlSettings.asset - no permission for operation on file(s).\n
w1:C:/Program Files/Perforce/yassa/4003 Maze/ProjectSettings/XRSettings.asset - no permission for operation on file(s).\n
w1:C:/Program Files/Perforce/yassa/4003 Maze/ProjectSettings/boot.config - no permission for operation on file(s).\n
C:/Program Files/Perforce/yassa/4003 Maze/Assets/Scenes.meta - no permission for operation on file(s).

C:/Program Files/Perforce/yassa/4003 Maze/Assets/Scenes/SampleScene.meta - no permission for operation on file(s).

C:/Program Files/Perforce/yassa/4003 Maze/Assets/Scenes/SampleScene/NavMesh.asset - no permission for operation on file(s).

C:/Program Files/Perforce/yassa/4003 Maze/Assets/Scenes/SampleScene/NavMesh.asset.meta - no permission for operation on file(s).

w1:C:/Program Files/Perforce/yassa/4003 Maze/Assets/Scenes.meta - no permission for operation on file(s).\n
w1:C:/Program Files/Perforce/yassa/4003 Maze/Assets/Scenes/SampleScene.meta - no permission for operation on file(s).\n
w1:C:/Program Files/Perforce/yassa/4003 Maze/Assets/Scenes/SampleScene/NavMesh.asset - no permission for operation on file(s).\n
w1:C:/Program Files/Perforce/yassa/4003 Maze/Assets/Scenes/SampleScene/NavMesh.asset.meta - no permission for operation on file(s).\n
e32:TCP send failed.\nwrite: socket: WSAECONNRESET\n
e32:TCP connect to 10.80.32.178:1780 failed.\nconnect: 10.80.32.178:1780: WSAETIMEDOUT\n
C:/Program Files/Perforce/yassa/4003 Maze/ProjectSettings/AudioManager.asset - no permission for operation on file(s).

C:/Program Files/Perforce/yassa/4003 Maze/ProjectSettings/ClusterInputManager.asset - no permission for operation on file(s).

C:/Program Files/Perforce/yassa/4003 Maze/ProjectSettings/DynamicsManager.asset - no permission for operation on file(s).

C:/Program Files/Perforce/yassa/4003 Maze/ProjectSettings/EditorBuildSettings.asset - no permission for operation on file(s).

C:/Program Files/Perforce/yassa/4003 Maze/ProjectSettings/EditorSettings.asset - no permission for operation on file(s).

C:/Program Files/Perforce/yassa/4003 Maze/ProjectSettings/GraphicsSettings.asset - no permission for operation on file(s).

C:/Program Files/Perforce/yassa/4003 Maze/ProjectSettings/InputManager.asset - no permission for operation on file(s).

C:/Program Files/Perforce/yassa/4003 Maze/ProjectSettings/MemorySettings.asset - no permission for operation on file(s).

C:/Program Files/Perforce/yassa/4003 Maze/ProjectSettings/NavMeshAreas.asset - no permission for operation on file(s).

C:/Program Files/Perforce/yassa/4003 Maze/ProjectSettings/PackageManagerSettings.asset - no permission for operation on file(s).

C:/Program Files/Perforce/yassa/4003 Maze/ProjectSettings/Packages/com.unity.testtools.codecoverage/Settings.json - no permission for operation on file(s).

C:/Program Files/Perforce/yassa/4003 Maze/ProjectSettings/Physics2DSettings.asset - no permission for operation on file(s).

C:/Program Files/Perforce/yassa/4003 Maze/ProjectSettings/PresetManager.asset - no permission for operation on file(s).

C:/Program Files/Perforce/yassa/4003 Maze/ProjectSettings/ProjectSettings.asset - no permission for operation on file(s).

C:/Program Files/Perforce/yassa/4003 Maze/ProjectSettings/ProjectVersion.txt - no permission for operation on file(s).

C:/Program Files/Perforce/yassa/4003 Maze/ProjectSettings/QualitySettings.asset - no permission for operation on file(s).

C:/Program Files/Perforce/yassa/4003 Maze/ProjectSettings/SceneTemplateSettings.json - no permission for operation on file(s).

C:/Program Files/Perforce/yassa/4003 Maze/ProjectSettings/TagManager.asset - no permission for operation on file(s).

C:/Program Files/Perforce/yassa/4003 Maze/ProjectSettings/TimeManager.asset - no permission for operation on file(s).

C:/Program Files/Perforce/yassa/4003 Maze/ProjectSettings/UnityConnectSettings.asset - no permission for operation on file(s).

C:/Program Files/Perforce/yassa/4003 Maze/ProjectSettings/VFXManager.asset - no permission for operation on file(s).

C:/Program Files/Perforce/yassa/4003 Maze/ProjectSettings/VersionControlSettings.asset - no permission for operation on file(s).

C:/Program Files/Perforce/yassa/4003 Maze/ProjectSettings/XRSettings.asset - no permission for operation on file(s).

C:/Program Files/Perforce/yassa/4003 Maze/ProjectSettings/boot.config - no permission for operation on file(s).

C:/Program Files/Perforce/yassa/4003 Maze/Packages/manifest.json - no permission for operation on file(s).

C:/Program Files/Perforce/yassa/4003 Maze/Packages/packages-lock.json - no permission for operation on file(s).

w1:C:/Program Files/Perforce/yassa/4003 Maze/Packages/manifest.json - no permission for operation on file(s).\n
w1:C:/Program Files/Perforce/yassa/4003 Maze/Packages/packages-lock.json - no permission for operation on file(s).\n
w1:C:/Program Files/Perforce/yassa/4003 Maze/ProjectSettings/AudioManager.asset - no permission for operation on file(s).\n
w1:C:/Program Files/Perforce/yassa/4003 Maze/ProjectSettings/ClusterInputManager.asset - no permission for operation on file(s).\n
w1:C:/Program Files/Perforce/yassa/4003 Maze/ProjectSettings/DynamicsManager.asset - no permission for operation on file(s).\n
w1:C:/Program Files/Perforce/yassa/4003 Maze/ProjectSettings/EditorBuildSettings.asset - no permission for operation on file(s).\n
w1:C:/Program Files/Perforce/yassa/4003 Maze/ProjectSettings/EditorSettings.asset - no permission for operation on file(s).\n
w1:C:/Program Files/Perforce/yassa/4003 Maze/ProjectSettings/GraphicsSettings.asset - no permission for operation on file(s).\n
w1:C:/Program Files/Perforce/yassa/4003 Maze/ProjectSettings/InputManager.asset - no permission for operation on file(s).\n
w1:C:/Program Files/Perforce/yassa/4003 Maze/ProjectSettings/MemorySettings.asset - no permission for operation on file(s).\n
w1:C:/Program Files/Perforce/yassa/4003 Maze/ProjectSettings/NavMeshAreas.asset - no permission for operation on file(s).\n
w1:C:/Program Files/Perforce/yassa/4003 Maze/ProjectSettings/PackageManagerSettings.asset - no permission for operation on file(s).\n
w1:C:/Program Files/Perforce/yassa/4003 Maze/ProjectSettings/Packages/com.unity.testtools.codecoverage/Settings.json - no permission for operation on file(s).\n
w1:C:/Program Files/Perforce/yassa/4003 Maze/ProjectSettings/Physics2DSettings.asset - no permission for operation on file(s).\n
w1:C:/Program Files/Perforce/yassa/4003 Maze/ProjectSettings/PresetManager.asset - no permission for operation on file(s).\n
w1:C:/Program Files/Perforce/yassa/4003 Maze/ProjectSettings/ProjectSettings.asset - no permission for operation on file(s).\n
w1:C:/Program Files/Perforce/yassa/4003 Maze/ProjectSettings/ProjectVersion.txt - no permission for operation on file(s).\n
w1:C:/Program Files/Perforce/yassa/4003 Maze/ProjectSettings/QualitySettings.asset - no permission for operation on file(s).\n
w1:C:/Program Files/Perforce/yassa/4003 Maze/ProjectSettings/SceneTemplateSettings.json - no permission for operation on file(s).\n
w1:C:/Program Files/Perforce/yassa/4003 Maze/ProjectSettings/TagManager.asset - no permission for operation on file(s).\n
w1:C:/Program Files/Perforce/yassa/4003 Maze/ProjectSettings/TimeManager.asset - no permission for operation on file(s).\n
w1:C:/Program Files/Perforce/yassa/4003 Maze/ProjectSettings/UnityConnectSettings.asset - no permission for operation on file(s).\n
w1:C:/Program Files/Perforce/yassa/4003 Maze/ProjectSettings/VFXManager.asset - no permission for operation on file(s).\n
w1:C:/Program Files/Perforce/yassa/4003 Maze/ProjectSettings/VersionControlSettings.asset - no permission for operation on file(s).\n
w1:C:/Program Files/Perforce/yassa/4003 Maze/ProjectSettings/XRSettings.asset - no permission for operation on file(s).\n
w1:C:/Program Files/Perforce/yassa/4003 Maze/ProjectSettings/boot.config - no permission for operation on file(s).\n
C:/Program Files/Perforce/yassa/4003 Maze/ProjectSettings/AudioManager.asset - no permission for operation on file(s).

C:/Program Files/Perforce/yassa/4003 Maze/ProjectSettings/ClusterInputManager.asset - no permission for operation on file(s).

C:/Program Files/Perforce/yassa/4003 Maze/ProjectSettings/DynamicsManager.asset - no permission for operation on file(s).

C:/Program Files/Perforce/yassa/4003 Maze/ProjectSettings/EditorBuildSettings.asset - no permission for operation on file(s).

C:/Program Files/Perforce/yassa/4003 Maze/ProjectSettings/EditorSettings.asset - no permission for operation on file(s).

C:/Program Files/Perforce/yassa/4003 Maze/ProjectSettings/GraphicsSettings.asset - no permission for operation on file(s).

C:/Program Files/Perforce/yassa/4003 Maze/ProjectSettings/InputManager.asset - no permission for operation on file(s).

C:/Program Files/Perforce/yassa/4003 Maze/ProjectSettings/MemorySettings.asset - no permission for operation on file(s).

C:/Program Files/Perforce/yassa/4003 Maze/ProjectSettings/NavMeshAreas.asset - no permission for operation on file(s).

C:/Program Files/Perforce/yassa/4003 Maze/ProjectSettings/PackageManagerSettings.asset - no permission for operation on file(s).

C:/Program Files/Perforce/yassa/4003 Maze/ProjectSettings/Packages/com.unity.testtools.codecoverage/Settings.json - no permission for operation on file(s).

C:/Program Files/Perforce/yassa/4003 Maze/ProjectSettings/Physics2DSettings.asset - no permission for operation on file(s).

C:/Program Files/Perforce/yassa/4003 Maze/ProjectSettings/PresetManager.asset - no permission for operation on file(s).

C:/Program Files/Perforce/yassa/4003 Maze/ProjectSettings/ProjectSettings.asset - no permission for operation on file(s).

C:/Program Files/Perforce/yassa/4003 Maze/ProjectSettings/ProjectVersion.txt - no permission for operation on file(s).

C:/Program Files/Perforce/yassa/4003 Maze/ProjectSettings/QualitySettings.asset - no permission for operation on file(s).

C:/Program Files/Perforce/yassa/4003 Maze/ProjectSettings/SceneTemplateSettings.json - no permission for operation on file(s).

C:/Program Files/Perforce/yassa/4003 Maze/ProjectSettings/TagManager.asset - no permission for operation on file(s).

C:/Program Files/Perforce/yassa/4003 Maze/ProjectSettings/TimeManager.asset - no permission for operation on file(s).

C:/Program Files/Perforce/yassa/4003 Maze/ProjectSettings/UnityConnectSettings.asset - no permission for operation on file(s).

C:/Program Files/Perforce/yassa/4003 Maze/ProjectSettings/VFXManager.asset - no permission for operation on file(s).

C:/Program Files/Perforce/yassa/4003 Maze/ProjectSettings/VersionControlSettings.asset - no permission for operation on file(s).

C:/Program Files/Perforce/yassa/4003 Maze/ProjectSettings/XRSettings.asset - no permission for operation on file(s).

C:/Program Files/Perforce/yassa/4003 Maze/ProjectSettings/boot.config - no permission for operation on file(s).

C:/Program Files/Perforce/yassa/4003 Maze/Packages/manifest.json - no permission for operation on file(s).

C:/Program Files/Perforce/yassa/4003 Maze/Packages/packages-lock.json - no permission for operation on file(s).

w1:C:/Program Files/Perforce/yassa/4003 Maze/Packages/manifest.json - no permission for operation on file(s).\n
w1:C:/Program Files/Perforce/yassa/4003 Maze/Packages/packages-lock.json - no permission for operation on file(s).\n
w1:C:/Program Files/Perforce/yassa/4003 Maze/ProjectSettings/AudioManager.asset - no permission for operation on file(s).\n
w1:C:/Program Files/Perforce/yassa/4003 Maze/ProjectSettings/ClusterInputManager.asset - no permission for operation on file(s).\n
w1:C:/Program Files/Perforce/yassa/4003 Maze/ProjectSettings/DynamicsManager.asset - no permission for operation on file(s).\n
w1:C:/Program Files/Perforce/yassa/4003 Maze/ProjectSettings/EditorBuildSettings.asset - no permission for operation on file(s).\n
w1:C:/Program Files/Perforce/yassa/4003 Maze/ProjectSettings/EditorSettings.asset - no permission for operation on file(s).\n
w1:C:/Program Files/Perforce/yassa/4003 Maze/ProjectSettings/GraphicsSettings.asset - no permission for operation on file(s).\n
w1:C:/Program Files/Perforce/yassa/4003 Maze/ProjectSettings/InputManager.asset - no permission for operation on file(s).\n
w1:C:/Program Files/Perforce/yassa/4003 Maze/ProjectSettings/MemorySettings.asset - no permission for operation on file(s).\n
w1:C:/Program Files/Perforce/yassa/4003 Maze/ProjectSettings/NavMeshAreas.asset - no permission for operation on file(s).\n
w1:C:/Program Files/Perforce/yassa/4003 Maze/ProjectSettings/PackageManagerSettings.asset - no permission for operation on file(s).\n
w1:C:/Program Files/Perforce/yassa/4003 Maze/ProjectSettings/Packages/com.unity.testtools.codecoverage/Settings.json - no permission for operation on file(s).\n
w1:C:/Program Files/Perforce/yassa/4003 Maze/ProjectSettings/Physics2DSettings.asset - no permission for operation on file(s).\n
w1:C:/Program Files/Perforce/yassa/4003 Maze/ProjectSettings/PresetManager.asset - no permission for operation on file(s).\n
w1:C:/Program Files/Perforce/yassa/4003 Maze/ProjectSettings/ProjectSettings.asset - no permission for operation on file(s).\n
w1:C:/Program Files/Perforce/yassa/4003 Maze/ProjectSettings/ProjectVersion.txt - no permission for operation on file(s).\n
w1:C:/Program Files/Perforce/yassa/4003 Maze/ProjectSettings/QualitySettings.asset - no permission for operation on file(s).\n
w1:C:/Program Files/Perforce/yassa/4003 Maze/ProjectSettings/SceneTemplateSettings.json - no permission for operation on file(s).\n
w1:C:/Program Files/Perforce/yassa/4003 Maze/ProjectSettings/TagManager.asset - no permission for operation on file(s).\n
w1:C:/Program Files/Perforce/yassa/4003 Maze/ProjectSettings/TimeManager.asset - no permission for operation on file(s).\n
w1:C:/Program Files/Perforce/yassa/4003 Maze/ProjectSettings/UnityConnectSettings.asset - no permission for operation on file(s).\n
w1:C:/Program Files/Perforce/yassa/4003 Maze/ProjectSettings/VFXManager.asset - no permission for operation on file(s).\n
w1:C:/Program Files/Perforce/yassa/4003 Maze/ProjectSettings/VersionControlSettings.asset - no permission for operation on file(s).\n
w1:C:/Program Files/Perforce/yassa/4003 Maze/ProjectSettings/XRSettings.asset - no permission for operation on file(s).\n
w1:C:/Program Files/Perforce/yassa/4003 Maze/ProjectSettings/boot.config - no permission for operation on file(s).\n
C:/Program Files/Perforce/yassa/4003 Maze/ProjectSettings/VersionControlSettings.asset - no permission for operation on file(s).

w1:C:/Program Files/Perforce/yassa/4003 Maze/ProjectSettings/VersionControlSettings.asset - no permission for operation on file(s).\n
p1:-1 0 Change 1757 created.
p1:-1 0 Change 1758 created.
p1:-1 0 Change 1759 created.
C:/Program Files/Perforce/yassa/4003 Maze/Assets/Prefabs.meta - no permission for operation on file(s).

C:/Program Files/Perforce/yassa/4003 Maze/Assets/Prefabs/enemy1.prefab - no permission for operation on file(s).

C:/Program Files/Perforce/yassa/4003 Maze/Assets/Prefabs/enemy1.prefab.meta - no permission for operation on file(s).

w1:C:/Program Files/Perforce/yassa/4003 Maze/Assets/Prefabs.meta - no permission for operation on file(s).\n
w1:C:/Program Files/Perforce/yassa/4003 Maze/Assets/Prefabs/enemy1.prefab - no permission for operation on file(s).\n
w1:C:/Program Files/Perforce/yassa/4003 Maze/Assets/Prefabs/enemy1.prefab.meta - no permission for operation on file(s).\n
C:/Program Files/Perforce/yassa/4003 Maze/Assets/Prefabs.meta - no permission for operation on file(s).

C:/Program Files/Perforce/yassa/4003 Maze/Assets/Prefabs/enemy2.prefab - no permission for operation on file(s).

C:/Program Files/Perforce/yassa/4003 Maze/Assets/Prefabs/enemy2.prefab.meta - no permission for operation on file(s).

w1:C:/Program Files/Perforce/yassa/4003 Maze/Assets/Prefabs.meta - no permission for operation on file(s).\n
w1:C:/Program Files/Perforce/yassa/4003 Maze/Assets/Prefabs/enemy2.prefab - no permission for operation on file(s).\n
w1:C:/Program Files/Perforce/yassa/4003 Maze/Assets/Prefabs/enemy2.prefab.meta - no permission for operation on file(s).\n
C:/Program Files/Perforce/yassa/4003 Maze/Assets/Prefabs.meta - no permission for operation on file(s).

C:/Program Files/Perforce/yassa/4003 Maze/Assets/Prefabs/enemy3.prefab - no permission for operation on file(s).

C:/Program Files/Perforce/yassa/4003 Maze/Assets/Prefabs/enemy3.prefab.meta - no permission for operation on file(s).

w1:C:/Program Files/Perforce/yassa/4003 Maze/Assets/Prefabs.meta - no permission for operation on file(s).\n
w1:C:/Program Files/Perforce/yassa/4003 Maze/Assets/Prefabs/enemy3.prefab - no permission for operation on file(s).\n
w1:C:/Program Files/Perforce/yassa/4003 Maze/Assets/Prefabs/enemy3.prefab.meta - no permission for operation on file(s).\n
C:/Program Files/Perforce/yassa/4003 Maze/Assets/Prefabs.meta - no permission for operation on file(s).

C:/Program Files/Perforce/yassa/4003 Maze/Assets/Prefabs/enemy4.prefab - no permission for operation on file(s).

C:/Program Files/Perforce/yassa/4003 Maze/Assets/Prefabs/enemy4.prefab.meta - no permission for operation on file(s).

w1:C:/Program Files/Perforce/yassa/4003 Maze/Assets/Prefabs.meta - no permission for operation on file(s).\n
w1:C:/Program Files/Perforce/yassa/4003 Maze/Assets/Prefabs/enemy4.prefab - no permission for operation on file(s).\n
w1:C:/Program Files/Perforce/yassa/4003 Maze/Assets/Prefabs/enemy4.prefab.meta - no permission for operation on file(s).\n
p1:-1 0 Change 1760 created.
